{
"/Users/paulbarber/code/pav-universal/src/actions/index.js":{"path":"/Users/paulbarber/code/pav-universal/src/actions/index.js","s":{},"f":{},"l":{},"b":{},"statementMap":{},"fnMap":{},"branchMap":{}},
"/Users/paulbarber/code/pav-universal/src/components/Component.jsx":{"path":"/Users/paulbarber/code/pav-universal/src/components/Component.jsx","s":{},"f":{},"l":{},"b":{},"statementMap":{},"fnMap":{},"branchMap":{}},
"/Users/paulbarber/code/pav-universal/src/containers/AppShell.jsx":{"path":"/Users/paulbarber/code/pav-universal/src/containers/AppShell.jsx","s":{"2":1,"6":1,"7":1,"8":1,"9":1,"10":1},"f":{"2":1},"l":{"2":1,"3":1,"4":1,"10":1,"14":1},"b":{},"statementMap":{"2":{"start":{"line":2,"column":0},"end":{"line":null,"column":null}},"6":{"start":{"line":3,"column":0},"end":{"line":1,"column":0}},"7":{"start":{"line":3,"column":20},"end":{"line":null,"column":null}},"8":{"start":{"line":4,"column":1},"end":{"line":null,"column":null}},"9":{"start":{"line":10,"column":0},"end":{"line":null,"column":null}},"10":{"start":{"line":14,"column":15},"end":{"line":null,"column":null}}},"fnMap":{"2":{"name":"AppShell","line":3,"loc":{"start":{"line":3,"column":17},"end":{"line":null,"column":null}}}},"branchMap":{}},
"/Users/paulbarber/code/pav-universal/src/containers/Home.jsx":{"path":"/Users/paulbarber/code/pav-universal/src/containers/Home.jsx","s":{},"f":{},"l":{},"b":{},"statementMap":{},"fnMap":{},"branchMap":{}},
"/Users/paulbarber/code/pav-universal/src/reducers/index.js":{"path":"/Users/paulbarber/code/pav-universal/src/reducers/index.js","s":{"2":1,"3":1,"4":1,"5":1},"f":{},"l":{"2":1,"5":1,"6":1,"7":1},"b":{},"statementMap":{"2":{"start":{"line":2,"column":0},"end":{"line":null,"column":null}},"3":{"start":{"line":5,"column":0},"end":{"line":1,"column":0}},"4":{"start":{"line":6,"column":0},"end":{"line":null,"column":null}},"5":{"start":{"line":7,"column":15},"end":{"line":null,"column":null}}},"fnMap":{},"branchMap":{}}}
