TN:
SF:/Users/paulbarber/code/pav-universal/src/actions/index.js
FNF:0
FNH:0
LF:0
LH:0
BRF:0
BRH:0
end_of_record
TN:
SF:/Users/paulbarber/code/pav-universal/src/components/Component.jsx
FNF:0
FNH:0
LF:0
LH:0
BRF:0
BRH:0
end_of_record
TN:
SF:/Users/paulbarber/code/pav-universal/src/containers/AppShell.jsx
FN:3,AppShell
FNF:1
FNH:1
FNDA:1,AppShell
DA:2,1
DA:3,1
DA:4,1
DA:10,1
DA:14,1
LF:5
LH:5
BRF:0
BRH:0
end_of_record
TN:
SF:/Users/paulbarber/code/pav-universal/src/containers/Home.jsx
FNF:0
FNH:0
LF:0
LH:0
BRF:0
BRH:0
end_of_record
TN:
SF:/Users/paulbarber/code/pav-universal/src/reducers/index.js
FNF:0
FNH:0
DA:2,1
DA:5,1
DA:6,1
DA:7,1
LF:4
LH:4
BRF:0
BRH:0
end_of_record
